ERROR:main:Error loading ML model: [Errno 2] No such file or directory: 'price_prediction_model.pkl'
INFO:main:Futures prices updated in DB.
ERROR:fastapi:Form data requires "python-multipart" to be installed. 
You can install "python-multipart" with: 

pip install python-multipart

ERROR:main:Error loading ML model: [Errno 2] No such file or directory: 'price_prediction_model.pkl'
INFO:main:Futures prices updated in DB.
ERROR:fastapi:Form data requires "python-multipart" to be installed. 
You can install "python-multipart" with: 

pip install python-multipart

ERROR:main:Error loading ML model: [Errno 2] No such file or directory: 'price_prediction_model.pkl'
INFO:main:Futures prices updated in DB.
INFO:main:Incoming request: GET http://localhost:8000/docs
INFO:main:Completed response: 200
INFO:main:Incoming request: GET http://localhost:8000/openapi.json
INFO:main:Completed response: 200
INFO:main:Futures prices updated in DB.
INFO:main:Futures prices updated in DB.
INFO:main:Futures prices updated in DB.
INFO:main:Futures prices updated in DB.
INFO:main:Futures prices updated in DB.
INFO:main:Futures prices updated in DB.
INFO:main:Futures prices updated in DB.
INFO:main:Futures prices updated in DB.
INFO:main:Futures prices updated in DB.
INFO:main:Futures prices updated in DB.
INFO:main:Futures prices updated in DB.
INFO:main:Futures prices updated in DB.
INFO:main:Futures prices updated in DB.
INFO:main:Futures prices updated in DB.
INFO:main:Futures prices updated in DB.
INFO:main:Futures prices updated in DB.
INFO:main:Futures prices updated in DB.
INFO:main:Futures prices updated in DB.
INFO:main:Futures prices updated in DB.
INFO:main:Futures prices updated in DB.
INFO:main:Futures prices updated in DB.
INFO:main:Futures prices updated in DB.
INFO:main:Futures prices updated in DB.
INFO:main:Futures prices updated in DB.
INFO:main:Futures prices updated in DB.
INFO:main:Futures prices updated in DB.
INFO:main:Futures prices updated in DB.
INFO:main:Futures prices updated in DB.
INFO:main:Futures prices updated in DB.
INFO:main:Futures prices updated in DB.
INFO:main:Futures prices updated in DB.
INFO:main:Futures prices updated in DB.
INFO:main:Futures prices updated in DB.
INFO:main:Futures prices updated in DB.
INFO:main:Futures prices updated in DB.
INFO:main:Futures prices updated in DB.
INFO:main:Futures prices updated in DB.
INFO:main:Futures prices updated in DB.
INFO:main:Futures prices updated in DB.
INFO:main:Futures prices updated in DB.
INFO:main:Futures prices updated in DB.
INFO:main:Futures prices updated in DB.
INFO:main:Futures prices updated in DB.
INFO:main:Futures prices updated in DB.
INFO:main:Futures prices updated in DB.
INFO:main:Futures prices updated in DB.
INFO:main:Futures prices updated in DB.
INFO:main:Futures prices updated in DB.
INFO:main:Futures prices updated in DB.
INFO:main:Futures prices updated in DB.
INFO:main:Futures prices updated in DB.
INFO:main:Futures prices updated in DB.
INFO:main:Futures prices updated in DB.
INFO:main:Futures prices updated in DB.
INFO:main:Futures prices updated in DB.
INFO:main:Futures prices updated in DB.
INFO:main:Futures prices updated in DB.
INFO:main:Futures prices updated in DB.
INFO:main:Futures prices updated in DB.
INFO:main:Futures prices updated in DB.
INFO:main:Futures prices updated in DB.
INFO:main:Futures prices updated in DB.
INFO:main:Futures prices updated in DB.
INFO:main:Futures prices updated in DB.
INFO:main:Futures prices updated in DB.
INFO:main:Futures prices updated in DB.
INFO:main:Futures prices updated in DB.
INFO:main:Futures prices updated in DB.
INFO:main:Futures prices updated in DB.
INFO:main:Futures prices updated in DB.
INFO:main:Futures prices updated in DB.
INFO:main:Futures prices updated in DB.
INFO:main:Futures prices updated in DB.
INFO:main:Futures prices updated in DB.
INFO:main:Futures prices updated in DB.
INFO:main:Futures prices updated in DB.
INFO:main:Futures prices updated in DB.
INFO:main:Futures prices updated in DB.
INFO:main:Futures prices updated in DB.
INFO:main:Futures prices updated in DB.
INFO:main:Futures prices updated in DB.
INFO:main:Futures prices updated in DB.
INFO:main:Futures prices updated in DB.
INFO:main:Futures prices updated in DB.
INFO:main:Futures prices updated in DB.
INFO:main:Futures prices updated in DB.
INFO:main:Futures prices updated in DB.
INFO:main:Futures prices updated in DB.
INFO:main:Futures prices updated in DB.
INFO:main:Futures prices updated in DB.
INFO:main:Futures prices updated in DB.
INFO:main:Futures prices updated in DB.
INFO:main:Futures prices updated in DB.
INFO:main:Futures prices updated in DB.
INFO:main:Futures prices updated in DB.
INFO:main:Futures prices updated in DB.
INFO:main:Futures prices updated in DB.
INFO:main:Futures prices updated in DB.
INFO:main:Futures prices updated in DB.
INFO:main:Futures prices updated in DB.
INFO:main:Futures prices updated in DB.
INFO:main:Incoming request: GET http://localhost:8000/
INFO:main:Completed response: 200
INFO:main:Incoming request: GET http://localhost:8000/favicon.ico
INFO:main:Completed response: 404
INFO:main:Futures prices updated in DB.
INFO:main:Futures prices updated in DB.
INFO:main:Futures prices updated in DB.
INFO:main:Futures prices updated in DB.
INFO:main:Futures prices updated in DB.
INFO:main:Futures prices updated in DB.
INFO:main:Futures prices updated in DB.
INFO:main:Futures prices updated in DB.
INFO:main:Futures prices updated in DB.
INFO:main:Futures prices updated in DB.
INFO:main:Futures prices updated in DB.
INFO:main:Futures prices updated in DB.
INFO:main:Futures prices updated in DB.
INFO:main:Futures prices updated in DB.
INFO:main:Futures prices updated in DB.
INFO:main:Futures prices updated in DB.
INFO:main:Futures prices updated in DB.
INFO:main:Incoming request: GET http://localhost:8000/docs/analytics
INFO:main:Completed response: 404
INFO:main:Futures prices updated in DB.
INFO:main:Futures prices updated in DB.
INFO:main:Futures prices updated in DB.
INFO:main:Futures prices updated in DB.
INFO:main:Futures prices updated in DB.
INFO:main:Futures prices updated in DB.
INFO:main:Futures prices updated in DB.
INFO:main:Futures prices updated in DB.
INFO:main:Futures prices updated in DB.
INFO:main:Futures prices updated in DB.
INFO:main:Futures prices updated in DB.
INFO:main:Incoming request: GET http://localhost:8000/analytics
INFO:main:Completed response: 200
INFO:main:Futures prices updated in DB.
INFO:main:Futures prices updated in DB.
INFO:main:Futures prices updated in DB.
INFO:main:Futures prices updated in DB.
INFO:main:Futures prices updated in DB.
INFO:main:Futures prices updated in DB.
INFO:main:Futures prices updated in DB.
INFO:main:Futures prices updated in DB.
INFO:main:Futures prices updated in DB.
INFO:main:WebSocket client connected.
INFO:main:Incoming request: GET http://localhost:8000/analytics
INFO:main:Completed response: 200
INFO:main:Futures prices updated in DB.
INFO:main:WebSocket client disconnected.
INFO:main:Incoming request: GET http://localhost:8000/analytics
INFO:main:Completed response: 200
INFO:main:WebSocket client connected.
INFO:main:Futures prices updated in DB.
INFO:main:Futures prices updated in DB.
INFO:main:Futures prices updated in DB.
INFO:main:Futures prices updated in DB.
INFO:main:Futures prices updated in DB.
INFO:main:Futures prices updated in DB.
INFO:main:Futures prices updated in DB.
INFO:main:Futures prices updated in DB.
INFO:main:Futures prices updated in DB.
INFO:main:Futures prices updated in DB.
INFO:main:Futures prices updated in DB.
INFO:main:Futures prices updated in DB.
INFO:main:Futures prices updated in DB.
INFO:main:Futures prices updated in DB.
INFO:main:Futures prices updated in DB.
INFO:main:Futures prices updated in DB.
INFO:main:Futures prices updated in DB.
INFO:main:Futures prices updated in DB.
INFO:main:Futures prices updated in DB.
INFO:main:WebSocket client disconnected.
INFO:main:WebSocket client connected.
INFO:main:Incoming request: GET http://localhost:8000/analytics
INFO:main:Completed response: 200
INFO:main:Futures prices updated in DB.
INFO:main:Futures prices updated in DB.
INFO:main:Futures prices updated in DB.
INFO:main:Futures prices updated in DB.
INFO:main:WebSocket client connected.
INFO:main:Incoming request: GET http://localhost:8000/analytics
INFO:main:Completed response: 200
INFO:main:Futures prices updated in DB.
INFO:main:Futures prices updated in DB.
INFO:main:Futures prices updated in DB.
INFO:main:Futures prices updated in DB.
INFO:main:Futures prices updated in DB.
INFO:main:WebSocket client disconnected.
INFO:main:WebSocket client connected.
INFO:main:Incoming request: GET http://localhost:8000/analytics
INFO:main:Completed response: 200
INFO:main:Futures prices updated in DB.
INFO:main:Futures prices updated in DB.
INFO:main:Futures prices updated in DB.
INFO:main:Futures prices updated in DB.
INFO:main:Futures prices updated in DB.
INFO:main:Futures prices updated in DB.
INFO:main:Futures prices updated in DB.
INFO:main:Futures prices updated in DB.
INFO:main:Futures prices updated in DB.
INFO:main:Futures prices updated in DB.
INFO:main:Futures prices updated in DB.
INFO:main:Futures prices updated in DB.
INFO:main:Futures prices updated in DB.
INFO:main:Incoming request: POST http://localhost:8000/users/register
WARNING:passlib.handlers.bcrypt:(trapped) error reading bcrypt version
Traceback (most recent call last):
  File "C:\Users\tbyer\BRidge-html\HTMLs\bridge-dashboard\backend\venv\Lib\site-packages\passlib\handlers\bcrypt.py", line 620, in _load_backend_mixin
    version = _bcrypt.__about__.__version__
              ^^^^^^^^^^^^^^^^^
AttributeError: module 'bcrypt' has no attribute '__about__'
INFO:main:Completed response: 200
INFO:main:Futures prices updated in DB.
INFO:main:Futures prices updated in DB.
INFO:main:Futures prices updated in DB.
INFO:main:Futures prices updated in DB.
INFO:main:Futures prices updated in DB.
INFO:main:Incoming request: POST http://localhost:8000/token
INFO:main:Completed response: 200
INFO:main:Futures prices updated in DB.
INFO:main:Futures prices updated in DB.
INFO:main:Futures prices updated in DB.
INFO:main:Futures prices updated in DB.
INFO:main:Futures prices updated in DB.
INFO:main:Futures prices updated in DB.
INFO:main:Futures prices updated in DB.
INFO:main:Futures prices updated in DB.
INFO:main:Futures prices updated in DB.
INFO:main:Futures prices updated in DB.
INFO:main:Futures prices updated in DB.
INFO:main:Futures prices updated in DB.
INFO:main:Futures prices updated in DB.
INFO:main:Futures prices updated in DB.
INFO:main:Futures prices updated in DB.
INFO:main:Futures prices updated in DB.
INFO:main:WebSocket client disconnected.
INFO:main:WebSocket client disconnected.
ERROR:main:Error loading ML model: [Errno 2] No such file or directory: 'price_prediction_model.pkl'
INFO:main:Futures prices updated in DB.
INFO:main:Incoming request: GET http://localhost:8000/docs
INFO:main:Completed response: 200
INFO:main:Incoming request: GET http://localhost:8000/openapi.json
INFO:main:Completed response: 200
INFO:main:Incoming request: GET http://localhost:8000/
INFO:main:Completed response: 200
INFO:main:Incoming request: GET http://localhost:8000/favicon.ico
INFO:main:Completed response: 404
INFO:main:Futures prices updated in DB.
INFO:main:Futures prices updated in DB.
INFO:main:Futures prices updated in DB.
INFO:main:Futures prices updated in DB.
INFO:main:Futures prices updated in DB.
INFO:main:Futures prices updated in DB.
INFO:main:Futures prices updated in DB.
INFO:main:Futures prices updated in DB.
INFO:main:Futures prices updated in DB.
INFO:main:Futures prices updated in DB.
INFO:main:Futures prices updated in DB.
INFO:main:Futures prices updated in DB.
INFO:main:Futures prices updated in DB.
INFO:main:Futures prices updated in DB.
INFO:main:Futures prices updated in DB.
INFO:main:Futures prices updated in DB.
INFO:main:Futures prices updated in DB.
INFO:main:Futures prices updated in DB.
INFO:main:Futures prices updated in DB.
INFO:main:Futures prices updated in DB.
INFO:main:Futures prices updated in DB.
INFO:main:Futures prices updated in DB.
INFO:main:WebSocket client connected.
INFO:main:Incoming request: GET http://localhost:8000/analytics
INFO:main:Completed response: 200
INFO:main:Futures prices updated in DB.
INFO:main:Futures prices updated in DB.
INFO:main:Futures prices updated in DB.
INFO:main:Futures prices updated in DB.
INFO:main:Futures prices updated in DB.
INFO:main:Futures prices updated in DB.
INFO:main:Futures prices updated in DB.
INFO:main:Futures prices updated in DB.
INFO:main:Futures prices updated in DB.
INFO:main:Futures prices updated in DB.
INFO:main:Futures prices updated in DB.
INFO:main:Futures prices updated in DB.
INFO:main:Futures prices updated in DB.
INFO:main:Futures prices updated in DB.
INFO:main:Futures prices updated in DB.
INFO:main:Futures prices updated in DB.
INFO:main:Incoming request: POST http://localhost:8000/scrap-metal
ERROR:main:HTTPException: Not authenticated
INFO:main:Futures prices updated in DB.
INFO:main:Futures prices updated in DB.
INFO:main:Futures prices updated in DB.
INFO:main:Incoming request: POST http://localhost:8000/users/register
ERROR:main:HTTPException: Username already registered
INFO:main:Futures prices updated in DB.
INFO:main:Futures prices updated in DB.
INFO:main:Futures prices updated in DB.
INFO:main:Futures prices updated in DB.
INFO:main:Futures prices updated in DB.
INFO:main:Futures prices updated in DB.
INFO:main:Futures prices updated in DB.
INFO:main:Incoming request: POST http://localhost:8000/users/register
ERROR:main:HTTPException: Username already registered
INFO:main:Futures prices updated in DB.
INFO:main:Incoming request: POST http://localhost:8000/users/register
INFO:main:Completed response: 422
INFO:main:Futures prices updated in DB.
INFO:main:Incoming request: POST http://localhost:8000/users/register
ERROR:main:HTTPException: Username already registered
INFO:main:Futures prices updated in DB.
INFO:main:Futures prices updated in DB.
INFO:main:Futures prices updated in DB.
INFO:main:Futures prices updated in DB.
INFO:main:Futures prices updated in DB.
INFO:main:Futures prices updated in DB.
INFO:main:Futures prices updated in DB.
INFO:main:Futures prices updated in DB.
INFO:main:Futures prices updated in DB.
INFO:main:Futures prices updated in DB.
INFO:main:Futures prices updated in DB.
INFO:main:Futures prices updated in DB.
INFO:main:Futures prices updated in DB.
INFO:main:Futures prices updated in DB.
INFO:main:Futures prices updated in DB.
INFO:main:Futures prices updated in DB.
INFO:main:Futures prices updated in DB.
INFO:main:Futures prices updated in DB.
INFO:main:Futures prices updated in DB.
INFO:main:Futures prices updated in DB.
INFO:main:Futures prices updated in DB.
INFO:main:Futures prices updated in DB.
INFO:main:Futures prices updated in DB.
INFO:main:Futures prices updated in DB.
INFO:main:Futures prices updated in DB.
INFO:main:Futures prices updated in DB.
INFO:main:Futures prices updated in DB.
INFO:main:Futures prices updated in DB.
INFO:main:Futures prices updated in DB.
INFO:main:Futures prices updated in DB.
INFO:main:Futures prices updated in DB.
INFO:main:Futures prices updated in DB.
INFO:main:Futures prices updated in DB.
INFO:main:Futures prices updated in DB.
INFO:main:Futures prices updated in DB.
INFO:main:Futures prices updated in DB.
INFO:main:Futures prices updated in DB.
INFO:main:Futures prices updated in DB.
INFO:main:Futures prices updated in DB.
INFO:main:Futures prices updated in DB.
INFO:main:Futures prices updated in DB.
INFO:main:Futures prices updated in DB.
INFO:main:Futures prices updated in DB.
INFO:main:Futures prices updated in DB.
INFO:main:Futures prices updated in DB.
INFO:main:Futures prices updated in DB.
INFO:main:Futures prices updated in DB.
INFO:main:Futures prices updated in DB.
INFO:main:Futures prices updated in DB.
INFO:main:Futures prices updated in DB.
INFO:main:Futures prices updated in DB.
INFO:main:Futures prices updated in DB.
INFO:main:Futures prices updated in DB.
INFO:main:Futures prices updated in DB.
INFO:main:Futures prices updated in DB.
INFO:main:Futures prices updated in DB.
INFO:main:Futures prices updated in DB.
INFO:main:Futures prices updated in DB.
INFO:main:Futures prices updated in DB.
INFO:main:Futures prices updated in DB.
INFO:main:Futures prices updated in DB.
INFO:main:Futures prices updated in DB.
INFO:main:WebSocket client disconnected.
INFO:main:Futures prices updated in DB.
INFO:main:Futures prices updated in DB.
INFO:main:Futures prices updated in DB.
INFO:main:Futures prices updated in DB.
INFO:main:Futures prices updated in DB.
INFO:main:Futures prices updated in DB.
INFO:main:Futures prices updated in DB.
INFO:main:Futures prices updated in DB.
INFO:main:Futures prices updated in DB.
INFO:main:Futures prices updated in DB.
INFO:main:Futures prices updated in DB.
INFO:main:Futures prices updated in DB.
INFO:main:Futures prices updated in DB.
INFO:main:Futures prices updated in DB.
INFO:main:Futures prices updated in DB.
INFO:main:Futures prices updated in DB.
INFO:main:Futures prices updated in DB.
INFO:main:Futures prices updated in DB.
INFO:main:Futures prices updated in DB.
INFO:main:Futures prices updated in DB.
INFO:main:Futures prices updated in DB.
INFO:main:Futures prices updated in DB.
INFO:main:Futures prices updated in DB.
INFO:main:Futures prices updated in DB.
INFO:main:Futures prices updated in DB.
INFO:main:Futures prices updated in DB.
INFO:main:Futures prices updated in DB.
INFO:main:Futures prices updated in DB.
INFO:main:Futures prices updated in DB.
INFO:main:Futures prices updated in DB.
INFO:main:Futures prices updated in DB.
INFO:main:Futures prices updated in DB.
INFO:main:Futures prices updated in DB.
INFO:main:Futures prices updated in DB.
INFO:main:Futures prices updated in DB.
INFO:main:Futures prices updated in DB.
INFO:main:Futures prices updated in DB.
INFO:main:Futures prices updated in DB.
INFO:main:Futures prices updated in DB.
INFO:main:Futures prices updated in DB.
INFO:main:Futures prices updated in DB.
INFO:main:Futures prices updated in DB.
INFO:main:Futures prices updated in DB.
INFO:main:Futures prices updated in DB.
INFO:main:Futures prices updated in DB.
INFO:main:Futures prices updated in DB.
INFO:main:Futures prices updated in DB.
INFO:main:Futures prices updated in DB.
INFO:main:Futures prices updated in DB.
INFO:main:Futures prices updated in DB.
INFO:main:Futures prices updated in DB.
INFO:main:Futures prices updated in DB.
INFO:main:Futures prices updated in DB.
INFO:main:Futures prices updated in DB.
INFO:main:Futures prices updated in DB.
INFO:main:Futures prices updated in DB.
INFO:main:Futures prices updated in DB.
INFO:main:Futures prices updated in DB.
INFO:main:Futures prices updated in DB.
INFO:main:Futures prices updated in DB.
INFO:main:Futures prices updated in DB.
INFO:main:Futures prices updated in DB.
INFO:main:Futures prices updated in DB.
INFO:main:Futures prices updated in DB.
INFO:main:Futures prices updated in DB.
INFO:main:Futures prices updated in DB.
INFO:main:Futures prices updated in DB.
INFO:main:Futures prices updated in DB.
INFO:main:Futures prices updated in DB.
INFO:main:Futures prices updated in DB.
INFO:main:Futures prices updated in DB.
INFO:main:Futures prices updated in DB.
INFO:main:Futures prices updated in DB.
INFO:main:Futures prices updated in DB.
INFO:main:Futures prices updated in DB.
INFO:main:Futures prices updated in DB.
INFO:main:Futures prices updated in DB.
INFO:main:Futures prices updated in DB.
INFO:main:Futures prices updated in DB.
INFO:main:Futures prices updated in DB.
INFO:main:Futures prices updated in DB.
INFO:main:Futures prices updated in DB.
INFO:main:Futures prices updated in DB.
INFO:main:Futures prices updated in DB.
INFO:main:Futures prices updated in DB.
INFO:main:Futures prices updated in DB.
INFO:main:Futures prices updated in DB.
INFO:main:Futures prices updated in DB.
INFO:main:Futures prices updated in DB.
INFO:main:Futures prices updated in DB.
INFO:main:Futures prices updated in DB.
INFO:main:Futures prices updated in DB.
INFO:main:Futures prices updated in DB.
INFO:main:Futures prices updated in DB.
INFO:main:Futures prices updated in DB.
INFO:main:Futures prices updated in DB.
INFO:main:Futures prices updated in DB.
INFO:main:Futures prices updated in DB.
INFO:main:Futures prices updated in DB.
INFO:main:Futures prices updated in DB.
INFO:main:Futures prices updated in DB.
INFO:main:Futures prices updated in DB.
INFO:main:Futures prices updated in DB.
INFO:main:Futures prices updated in DB.
INFO:main:Futures prices updated in DB.
INFO:main:Futures prices updated in DB.
INFO:main:Futures prices updated in DB.
INFO:main:Futures prices updated in DB.
INFO:main:Futures prices updated in DB.
INFO:main:Futures prices updated in DB.
INFO:main:Futures prices updated in DB.
INFO:main:Futures prices updated in DB.
INFO:main:Futures prices updated in DB.
INFO:main:Futures prices updated in DB.
INFO:main:Futures prices updated in DB.
INFO:main:Futures prices updated in DB.
INFO:main:Futures prices updated in DB.
INFO:main:Futures prices updated in DB.
INFO:main:Futures prices updated in DB.
ERROR:main:Error loading ML model: [Errno 2] No such file or directory: 'price_prediction_model.pkl'
INFO:main:Futures prices updated in DB.
INFO:main:Futures prices updated in DB.
INFO:main:Futures prices updated in DB.
INFO:main:Futures prices updated in DB.
INFO:main:Futures prices updated in DB.
INFO:main:Futures prices updated in DB.
INFO:main:Futures prices updated in DB.
INFO:main:Futures prices updated in DB.
INFO:main:Futures prices updated in DB.
INFO:main:Futures prices updated in DB.
INFO:main:Futures prices updated in DB.
INFO:main:Futures prices updated in DB.
INFO:main:Futures prices updated in DB.
INFO:main:Futures prices updated in DB.
INFO:main:Futures prices updated in DB.
INFO:main:Futures prices updated in DB.
INFO:main:Futures prices updated in DB.
INFO:main:Futures prices updated in DB.
INFO:main:Futures prices updated in DB.
INFO:main:Futures prices updated in DB.
INFO:main:Futures prices updated in DB.
INFO:main:Futures prices updated in DB.
INFO:main:Futures prices updated in DB.
INFO:main:Futures prices updated in DB.
INFO:main:Futures prices updated in DB.
INFO:main:Futures prices updated in DB.
INFO:main:Futures prices updated in DB.
INFO:main:Futures prices updated in DB.
INFO:main:Futures prices updated in DB.
INFO:main:Futures prices updated in DB.
INFO:main:Futures prices updated in DB.
INFO:main:Futures prices updated in DB.
INFO:main:Futures prices updated in DB.
INFO:main:Futures prices updated in DB.
INFO:main:Futures prices updated in DB.
INFO:main:Futures prices updated in DB.
INFO:main:Futures prices updated in DB.
INFO:main:Futures prices updated in DB.
INFO:main:Futures prices updated in DB.
INFO:main:Futures prices updated in DB.
INFO:main:Futures prices updated in DB.
INFO:main:Futures prices updated in DB.
INFO:main:Futures prices updated in DB.
INFO:main:Futures prices updated in DB.
INFO:main:Futures prices updated in DB.
INFO:main:Futures prices updated in DB.
INFO:main:Futures prices updated in DB.
INFO:main:Futures prices updated in DB.
INFO:main:Futures prices updated in DB.
INFO:main:Futures prices updated in DB.
INFO:main:Futures prices updated in DB.
INFO:main:Futures prices updated in DB.
INFO:main:Futures prices updated in DB.
INFO:main:Futures prices updated in DB.
INFO:main:Futures prices updated in DB.
INFO:main:Futures prices updated in DB.
INFO:main:Futures prices updated in DB.
INFO:main:Futures prices updated in DB.
INFO:main:Futures prices updated in DB.
INFO:main:Futures prices updated in DB.
INFO:main:Futures prices updated in DB.
INFO:main:Futures prices updated in DB.
INFO:main:Futures prices updated in DB.
INFO:main:Futures prices updated in DB.
INFO:main:Futures prices updated in DB.
INFO:main:Futures prices updated in DB.
INFO:main:Futures prices updated in DB.
INFO:main:Futures prices updated in DB.
INFO:main:Futures prices updated in DB.
INFO:main:Futures prices updated in DB.
INFO:main:Futures prices updated in DB.
INFO:main:Futures prices updated in DB.
INFO:main:Futures prices updated in DB.
INFO:main:Futures prices updated in DB.
INFO:main:Futures prices updated in DB.
INFO:main:Futures prices updated in DB.
INFO:main:Futures prices updated in DB.
INFO:main:Futures prices updated in DB.
INFO:main:Futures prices updated in DB.
INFO:main:Futures prices updated in DB.
INFO:main:Futures prices updated in DB.
INFO:main:Futures prices updated in DB.
INFO:main:Futures prices updated in DB.
INFO:main:Futures prices updated in DB.
INFO:main:Futures prices updated in DB.
INFO:main:Futures prices updated in DB.
INFO:main:Futures prices updated in DB.
INFO:main:Futures prices updated in DB.
INFO:main:Futures prices updated in DB.
INFO:main:Futures prices updated in DB.
INFO:main:Futures prices updated in DB.
INFO:main:Futures prices updated in DB.
INFO:main:Futures prices updated in DB.
INFO:main:Futures prices updated in DB.
INFO:main:Futures prices updated in DB.
INFO:main:Futures prices updated in DB.
INFO:main:Futures prices updated in DB.
INFO:main:Futures prices updated in DB.
INFO:main:Futures prices updated in DB.
INFO:main:Futures prices updated in DB.
INFO:main:Futures prices updated in DB.
INFO:main:Futures prices updated in DB.
INFO:main:Futures prices updated in DB.
INFO:main:Futures prices updated in DB.
INFO:main:Futures prices updated in DB.
INFO:main:Futures prices updated in DB.
INFO:main:Futures prices updated in DB.
INFO:main:Futures prices updated in DB.
INFO:main:Futures prices updated in DB.
INFO:main:Futures prices updated in DB.
INFO:main:Futures prices updated in DB.
INFO:main:Futures prices updated in DB.
INFO:main:Futures prices updated in DB.
INFO:main:Futures prices updated in DB.
INFO:main:Futures prices updated in DB.
INFO:main:Futures prices updated in DB.
INFO:main:Futures prices updated in DB.
INFO:main:Futures prices updated in DB.
INFO:main:Futures prices updated in DB.
INFO:main:Futures prices updated in DB.
INFO:main:Futures prices updated in DB.
INFO:main:Futures prices updated in DB.
INFO:main:Futures prices updated in DB.
INFO:main:Futures prices updated in DB.
INFO:main:Futures prices updated in DB.
INFO:main:Futures prices updated in DB.
INFO:main:Futures prices updated in DB.
INFO:main:Futures prices updated in DB.
INFO:main:Futures prices updated in DB.
INFO:main:Futures prices updated in DB.
INFO:main:Futures prices updated in DB.
INFO:main:Futures prices updated in DB.
INFO:main:Futures prices updated in DB.
INFO:main:Futures prices updated in DB.
INFO:main:Futures prices updated in DB.
INFO:main:Futures prices updated in DB.
INFO:main:Futures prices updated in DB.
INFO:main:Futures prices updated in DB.
INFO:main:Futures prices updated in DB.
INFO:main:Futures prices updated in DB.
INFO:main:Futures prices updated in DB.
INFO:main:Futures prices updated in DB.
INFO:main:Futures prices updated in DB.
INFO:main:Futures prices updated in DB.
INFO:main:Futures prices updated in DB.
INFO:main:Futures prices updated in DB.
INFO:main:Futures prices updated in DB.
INFO:main:Futures prices updated in DB.
INFO:main:Futures prices updated in DB.
INFO:main:Futures prices updated in DB.
INFO:main:Futures prices updated in DB.
INFO:main:Futures prices updated in DB.
INFO:main:Futures prices updated in DB.
INFO:main:Futures prices updated in DB.
INFO:main:Futures prices updated in DB.
INFO:main:Futures prices updated in DB.
INFO:main:Futures prices updated in DB.
INFO:main:Futures prices updated in DB.
INFO:main:Futures prices updated in DB.
INFO:main:Futures prices updated in DB.
INFO:main:Futures prices updated in DB.
INFO:main:Futures prices updated in DB.
INFO:main:Futures prices updated in DB.
INFO:main:Futures prices updated in DB.
INFO:main:Futures prices updated in DB.
INFO:main:Futures prices updated in DB.
INFO:main:Futures prices updated in DB.
INFO:main:Futures prices updated in DB.
INFO:main:Futures prices updated in DB.
INFO:main:Futures prices updated in DB.
INFO:main:Futures prices updated in DB.
INFO:main:Futures prices updated in DB.
INFO:main:Futures prices updated in DB.
INFO:main:Futures prices updated in DB.
INFO:main:Futures prices updated in DB.
INFO:main:Futures prices updated in DB.
INFO:main:Futures prices updated in DB.
INFO:main:Futures prices updated in DB.
INFO:main:Futures prices updated in DB.
INFO:main:Futures prices updated in DB.
INFO:main:Futures prices updated in DB.
INFO:main:Futures prices updated in DB.
INFO:main:Futures prices updated in DB.
INFO:main:Futures prices updated in DB.
INFO:main:Futures prices updated in DB.
INFO:main:Futures prices updated in DB.
INFO:main:Futures prices updated in DB.
INFO:main:Futures prices updated in DB.
INFO:main:Futures prices updated in DB.
INFO:main:Futures prices updated in DB.
INFO:main:Futures prices updated in DB.
INFO:main:Futures prices updated in DB.
INFO:main:Futures prices updated in DB.
INFO:main:Futures prices updated in DB.
INFO:main:Futures prices updated in DB.
INFO:main:Futures prices updated in DB.
INFO:main:Futures prices updated in DB.
INFO:main:Futures prices updated in DB.
INFO:main:Futures prices updated in DB.
INFO:main:Futures prices updated in DB.
INFO:main:Futures prices updated in DB.
INFO:main:Futures prices updated in DB.
INFO:main:Futures prices updated in DB.
INFO:main:Futures prices updated in DB.
INFO:main:Futures prices updated in DB.
INFO:main:Futures prices updated in DB.
INFO:main:Futures prices updated in DB.
INFO:main:Futures prices updated in DB.
INFO:main:Futures prices updated in DB.
INFO:main:Futures prices updated in DB.
INFO:main:Futures prices updated in DB.
INFO:main:Futures prices updated in DB.
INFO:main:Futures prices updated in DB.
INFO:main:Futures prices updated in DB.
INFO:main:Futures prices updated in DB.
INFO:main:Futures prices updated in DB.
INFO:main:Futures prices updated in DB.
INFO:main:Futures prices updated in DB.
INFO:main:Futures prices updated in DB.
INFO:main:Futures prices updated in DB.
INFO:main:Futures prices updated in DB.
INFO:main:Futures prices updated in DB.
INFO:main:Futures prices updated in DB.
INFO:main:Futures prices updated in DB.
INFO:main:Futures prices updated in DB.
INFO:main:Futures prices updated in DB.
INFO:main:Futures prices updated in DB.
INFO:main:Futures prices updated in DB.
INFO:main:Futures prices updated in DB.
INFO:main:Futures prices updated in DB.
INFO:main:Futures prices updated in DB.
INFO:main:Futures prices updated in DB.
INFO:main:Futures prices updated in DB.
INFO:main:Futures prices updated in DB.
INFO:main:Futures prices updated in DB.
INFO:main:Futures prices updated in DB.
INFO:main:Futures prices updated in DB.
INFO:main:Futures prices updated in DB.
INFO:main:Futures prices updated in DB.
INFO:main:Futures prices updated in DB.
INFO:main:Futures prices updated in DB.
INFO:main:Futures prices updated in DB.
INFO:main:Futures prices updated in DB.
INFO:main:Futures prices updated in DB.
INFO:main:Futures prices updated in DB.
INFO:main:Futures prices updated in DB.
INFO:main:Futures prices updated in DB.
INFO:main:Futures prices updated in DB.
INFO:main:Futures prices updated in DB.
INFO:main:Futures prices updated in DB.
INFO:main:Futures prices updated in DB.
INFO:main:Futures prices updated in DB.
INFO:main:Futures prices updated in DB.
INFO:main:Futures prices updated in DB.
INFO:main:Futures prices updated in DB.
INFO:main:Futures prices updated in DB.
INFO:main:Futures prices updated in DB.
INFO:main:Futures prices updated in DB.
INFO:main:Futures prices updated in DB.
INFO:main:Futures prices updated in DB.
INFO:main:Futures prices updated in DB.
INFO:main:Futures prices updated in DB.
INFO:main:Futures prices updated in DB.
INFO:main:Futures prices updated in DB.
INFO:main:Futures prices updated in DB.
INFO:main:Futures prices updated in DB.
INFO:main:Futures prices updated in DB.
INFO:main:Futures prices updated in DB.
INFO:main:Futures prices updated in DB.
INFO:main:Futures prices updated in DB.
INFO:main:Futures prices updated in DB.
INFO:main:Futures prices updated in DB.
INFO:main:Futures prices updated in DB.
INFO:main:Futures prices updated in DB.
INFO:main:Futures prices updated in DB.
INFO:main:Futures prices updated in DB.
INFO:main:Futures prices updated in DB.
INFO:main:Futures prices updated in DB.
INFO:main:Futures prices updated in DB.
INFO:main:Futures prices updated in DB.
INFO:main:Futures prices updated in DB.
INFO:main:Futures prices updated in DB.
ERROR:main:Error loading ML model: [Errno 2] No such file or directory: 'price_prediction_model.pkl'
INFO:main:Futures prices updated in DB.
INFO:main:Incoming request: GET http://localhost:8000/docs
INFO:main:Completed response: 200
INFO:main:Incoming request: GET http://localhost:8000/openapi.json
INFO:main:Completed response: 200
INFO:main:Futures prices updated in DB.
INFO:main:Futures prices updated in DB.
INFO:main:Futures prices updated in DB.
INFO:main:Futures prices updated in DB.
INFO:main:Futures prices updated in DB.
INFO:main:Futures prices updated in DB.
INFO:main:Futures prices updated in DB.
INFO:main:Futures prices updated in DB.
INFO:main:Futures prices updated in DB.
INFO:main:Futures prices updated in DB.
INFO:main:Futures prices updated in DB.
INFO:main:Futures prices updated in DB.
INFO:main:Futures prices updated in DB.
INFO:main:Futures prices updated in DB.
INFO:main:Futures prices updated in DB.
ERROR:main:Error loading ML model: [Errno 2] No such file or directory: 'price_prediction_model.pkl'
INFO:main:Futures prices updated in DB.
INFO:main:Futures prices updated in DB.
ERROR:main:Error loading ML model: [Errno 2] No such file or directory: 'price_prediction_model.pkl'
INFO:main:Futures prices updated in DB.
INFO:main:Futures prices updated in DB.
ERROR:main:Error loading ML model: [Errno 2] No such file or directory: 'price_prediction_model.pkl'
INFO:main:Futures prices updated in DB.
INFO:main:Futures prices updated in DB.
INFO:main:Futures prices updated in DB.
INFO:main:Futures prices updated in DB.
INFO:main:Futures prices updated in DB.
ERROR:main:Error loading ML model: [Errno 2] No such file or directory: 'price_prediction_model.pkl'
INFO:main:Futures prices updated in DB.
INFO:main:Futures prices updated in DB.
INFO:main:Futures prices updated in DB.
INFO:main:Futures prices updated in DB.
INFO:main:Futures prices updated in DB.
INFO:main:Futures prices updated in DB.
INFO:main:Futures prices updated in DB.
INFO:main:Futures prices updated in DB.
INFO:main:Futures prices updated in DB.
INFO:main:Futures prices updated in DB.
INFO:main:Futures prices updated in DB.
INFO:main:Futures prices updated in DB.
INFO:main:Futures prices updated in DB.
INFO:main:Futures prices updated in DB.
INFO:main:Futures prices updated in DB.
INFO:main:Futures prices updated in DB.
INFO:main:Futures prices updated in DB.
INFO:main:Futures prices updated in DB.
INFO:main:Futures prices updated in DB.
INFO:main:Futures prices updated in DB.
INFO:main:Futures prices updated in DB.
INFO:main:Futures prices updated in DB.
INFO:main:Futures prices updated in DB.
INFO:main:Futures prices updated in DB.
INFO:main:Futures prices updated in DB.
INFO:main:Futures prices updated in DB.
INFO:main:Futures prices updated in DB.
INFO:main:Futures prices updated in DB.
INFO:main:Futures prices updated in DB.
INFO:main:Futures prices updated in DB.
INFO:main:Futures prices updated in DB.
INFO:main:Futures prices updated in DB.
INFO:main:Futures prices updated in DB.
INFO:main:Futures prices updated in DB.
INFO:main:Futures prices updated in DB.
INFO:main:Futures prices updated in DB.
INFO:main:Futures prices updated in DB.
INFO:main:Futures prices updated in DB.
INFO:main:Futures prices updated in DB.
INFO:main:Futures prices updated in DB.
INFO:main:Futures prices updated in DB.
INFO:main:Futures prices updated in DB.
INFO:main:Futures prices updated in DB.
INFO:main:Futures prices updated in DB.
INFO:main:Futures prices updated in DB.
INFO:main:Futures prices updated in DB.
INFO:main:Futures prices updated in DB.
INFO:main:Futures prices updated in DB.
INFO:main:Futures prices updated in DB.
INFO:main:Futures prices updated in DB.
INFO:main:Futures prices updated in DB.
INFO:main:Futures prices updated in DB.
INFO:main:Futures prices updated in DB.
INFO:main:Futures prices updated in DB.
INFO:main:Futures prices updated in DB.
INFO:main:Futures prices updated in DB.
INFO:main:Futures prices updated in DB.
INFO:main:Futures prices updated in DB.
INFO:main:Futures prices updated in DB.
INFO:main:Futures prices updated in DB.
INFO:main:Futures prices updated in DB.
INFO:main:Futures prices updated in DB.
INFO:main:Futures prices updated in DB.
INFO:main:Futures prices updated in DB.
INFO:main:Futures prices updated in DB.
INFO:main:Futures prices updated in DB.
INFO:main:Futures prices updated in DB.
INFO:main:Futures prices updated in DB.
INFO:main:Futures prices updated in DB.
INFO:main:Futures prices updated in DB.
INFO:main:Futures prices updated in DB.
INFO:main:Futures prices updated in DB.
INFO:main:Futures prices updated in DB.
INFO:main:Futures prices updated in DB.
INFO:main:Futures prices updated in DB.
INFO:main:Futures prices updated in DB.
INFO:main:Futures prices updated in DB.
INFO:main:Futures prices updated in DB.
INFO:main:Futures prices updated in DB.
INFO:main:Futures prices updated in DB.
INFO:main:Futures prices updated in DB.
INFO:main:Futures prices updated in DB.
INFO:main:Futures prices updated in DB.
INFO:main:Futures prices updated in DB.
INFO:main:Futures prices updated in DB.
INFO:main:Futures prices updated in DB.
INFO:main:Futures prices updated in DB.
INFO:main:Futures prices updated in DB.
INFO:main:Futures prices updated in DB.
INFO:main:Futures prices updated in DB.
INFO:main:Futures prices updated in DB.
INFO:main:Futures prices updated in DB.
INFO:main:Futures prices updated in DB.
INFO:main:Futures prices updated in DB.
INFO:main:Futures prices updated in DB.
INFO:main:Futures prices updated in DB.
INFO:main:Futures prices updated in DB.
INFO:main:Futures prices updated in DB.
INFO:main:Futures prices updated in DB.
INFO:main:Futures prices updated in DB.
INFO:main:Futures prices updated in DB.
INFO:main:Futures prices updated in DB.
INFO:main:Futures prices updated in DB.
INFO:main:Futures prices updated in DB.
INFO:main:Futures prices updated in DB.
INFO:main:Futures prices updated in DB.
INFO:main:Futures prices updated in DB.
INFO:main:Futures prices updated in DB.
INFO:main:Futures prices updated in DB.
INFO:main:Futures prices updated in DB.
INFO:main:Futures prices updated in DB.
INFO:main:Futures prices updated in DB.
INFO:main:Futures prices updated in DB.
INFO:main:Futures prices updated in DB.
INFO:main:Futures prices updated in DB.
INFO:main:Futures prices updated in DB.
INFO:main:Futures prices updated in DB.
INFO:main:Futures prices updated in DB.
INFO:main:Futures prices updated in DB.
INFO:main:Futures prices updated in DB.
INFO:main:Futures prices updated in DB.
INFO:main:Futures prices updated in DB.
INFO:main:Futures prices updated in DB.
INFO:main:Futures prices updated in DB.
INFO:main:Futures prices updated in DB.
INFO:main:Futures prices updated in DB.
INFO:main:Futures prices updated in DB.
INFO:main:Futures prices updated in DB.
INFO:main:Futures prices updated in DB.
INFO:main:Futures prices updated in DB.
INFO:main:Futures prices updated in DB.
INFO:main:Futures prices updated in DB.
INFO:main:Futures prices updated in DB.
INFO:main:Futures prices updated in DB.
INFO:main:Futures prices updated in DB.
INFO:main:Futures prices updated in DB.
INFO:main:Futures prices updated in DB.
INFO:main:Futures prices updated in DB.
INFO:main:Futures prices updated in DB.
INFO:main:Futures prices updated in DB.
INFO:main:Futures prices updated in DB.
INFO:main:Futures prices updated in DB.
INFO:main:Futures prices updated in DB.
INFO:main:Futures prices updated in DB.
INFO:main:Futures prices updated in DB.
INFO:main:Futures prices updated in DB.
INFO:main:Futures prices updated in DB.
INFO:main:Futures prices updated in DB.
INFO:main:Futures prices updated in DB.
INFO:main:Futures prices updated in DB.
INFO:main:Futures prices updated in DB.
INFO:main:Futures prices updated in DB.
INFO:main:Futures prices updated in DB.
INFO:main:Futures prices updated in DB.
INFO:main:Futures prices updated in DB.
INFO:main:Futures prices updated in DB.
INFO:main:Futures prices updated in DB.
INFO:main:Futures prices updated in DB.
INFO:main:Futures prices updated in DB.
INFO:main:Futures prices updated in DB.
INFO:main:Futures prices updated in DB.
INFO:main:Futures prices updated in DB.
INFO:main:Futures prices updated in DB.
INFO:main:Futures prices updated in DB.
INFO:main:Futures prices updated in DB.
INFO:main:Futures prices updated in DB.
INFO:main:Futures prices updated in DB.
INFO:main:Futures prices updated in DB.
INFO:main:Futures prices updated in DB.
INFO:main:Futures prices updated in DB.
INFO:main:Futures prices updated in DB.
INFO:main:Futures prices updated in DB.
INFO:main:Futures prices updated in DB.
INFO:main:Futures prices updated in DB.
INFO:main:Futures prices updated in DB.
INFO:main:Futures prices updated in DB.
INFO:main:Futures prices updated in DB.
INFO:main:Futures prices updated in DB.
INFO:main:Futures prices updated in DB.
INFO:main:Futures prices updated in DB.
INFO:main:Futures prices updated in DB.
INFO:main:Futures prices updated in DB.
INFO:main:Futures prices updated in DB.
INFO:main:Futures prices updated in DB.
INFO:main:Futures prices updated in DB.
INFO:main:Futures prices updated in DB.
INFO:main:Futures prices updated in DB.
INFO:main:Futures prices updated in DB.
INFO:main:Futures prices updated in DB.
INFO:main:Futures prices updated in DB.
INFO:main:Futures prices updated in DB.
INFO:main:Futures prices updated in DB.
INFO:main:Futures prices updated in DB.
INFO:main:Futures prices updated in DB.
INFO:main:Futures prices updated in DB.
INFO:main:Futures prices updated in DB.
INFO:main:Futures prices updated in DB.
INFO:main:Futures prices updated in DB.
INFO:main:Futures prices updated in DB.
INFO:main:Futures prices updated in DB.
INFO:main:Futures prices updated in DB.
INFO:main:Futures prices updated in DB.
INFO:main:Futures prices updated in DB.
INFO:main:Futures prices updated in DB.
INFO:main:Futures prices updated in DB.
INFO:main:Futures prices updated in DB.
INFO:main:Futures prices updated in DB.
INFO:main:Futures prices updated in DB.
INFO:main:Futures prices updated in DB.
INFO:main:Futures prices updated in DB.
INFO:main:Futures prices updated in DB.
INFO:main:Futures prices updated in DB.
INFO:main:Futures prices updated in DB.
INFO:main:Futures prices updated in DB.
INFO:main:Futures prices updated in DB.
INFO:main:Futures prices updated in DB.
INFO:main:Futures prices updated in DB.
INFO:main:Futures prices updated in DB.
INFO:main:Futures prices updated in DB.
INFO:main:Futures prices updated in DB.
INFO:main:Futures prices updated in DB.
INFO:main:Futures prices updated in DB.
INFO:main:Futures prices updated in DB.
INFO:main:Futures prices updated in DB.
INFO:main:Futures prices updated in DB.
INFO:main:Futures prices updated in DB.
INFO:main:Futures prices updated in DB.
INFO:main:Futures prices updated in DB.
INFO:main:Futures prices updated in DB.
INFO:main:Futures prices updated in DB.
INFO:main:Futures prices updated in DB.
INFO:main:Futures prices updated in DB.
INFO:main:Futures prices updated in DB.
INFO:main:Futures prices updated in DB.
INFO:main:Futures prices updated in DB.
INFO:main:Futures prices updated in DB.
INFO:main:Futures prices updated in DB.
INFO:main:Futures prices updated in DB.
INFO:main:Futures prices updated in DB.
INFO:main:Futures prices updated in DB.
INFO:main:Futures prices updated in DB.
INFO:main:Futures prices updated in DB.
INFO:main:Futures prices updated in DB.
INFO:main:Futures prices updated in DB.
INFO:main:Futures prices updated in DB.
INFO:main:Futures prices updated in DB.
INFO:main:Futures prices updated in DB.
INFO:main:Futures prices updated in DB.
INFO:main:Futures prices updated in DB.
INFO:main:Futures prices updated in DB.
INFO:main:Futures prices updated in DB.
INFO:main:Futures prices updated in DB.
INFO:main:Futures prices updated in DB.
INFO:main:Futures prices updated in DB.
INFO:main:Futures prices updated in DB.
INFO:main:Futures prices updated in DB.
INFO:main:Futures prices updated in DB.
INFO:main:Futures prices updated in DB.
INFO:main:Futures prices updated in DB.
INFO:main:Futures prices updated in DB.
INFO:main:Futures prices updated in DB.
INFO:main:Futures prices updated in DB.
INFO:main:Futures prices updated in DB.
INFO:main:Futures prices updated in DB.
INFO:main:Futures prices updated in DB.
INFO:main:Futures prices updated in DB.
INFO:main:Futures prices updated in DB.
INFO:main:Futures prices updated in DB.
INFO:main:Futures prices updated in DB.
INFO:main:Futures prices updated in DB.
INFO:main:Futures prices updated in DB.
INFO:main:Futures prices updated in DB.
INFO:main:Futures prices updated in DB.
INFO:main:Futures prices updated in DB.
INFO:main:Futures prices updated in DB.
INFO:main:Futures prices updated in DB.
INFO:main:Futures prices updated in DB.
INFO:main:Futures prices updated in DB.
INFO:main:Futures prices updated in DB.
INFO:main:Futures prices updated in DB.
INFO:main:Futures prices updated in DB.
INFO:main:Futures prices updated in DB.
INFO:main:Futures prices updated in DB.
INFO:main:Futures prices updated in DB.
INFO:main:Futures prices updated in DB.
INFO:main:Futures prices updated in DB.
INFO:main:Futures prices updated in DB.
INFO:main:Futures prices updated in DB.
INFO:main:Futures prices updated in DB.
INFO:main:Futures prices updated in DB.
INFO:main:Futures prices updated in DB.
INFO:main:Futures prices updated in DB.
INFO:main:Futures prices updated in DB.
INFO:main:Futures prices updated in DB.
INFO:main:Futures prices updated in DB.
INFO:main:Futures prices updated in DB.
INFO:main:Futures prices updated in DB.
INFO:main:Futures prices updated in DB.
INFO:main:Futures prices updated in DB.
INFO:main:Futures prices updated in DB.
INFO:main:Futures prices updated in DB.
INFO:main:Futures prices updated in DB.
INFO:main:Futures prices updated in DB.
INFO:main:Futures prices updated in DB.
INFO:main:Futures prices updated in DB.
INFO:main:Futures prices updated in DB.
INFO:main:Futures prices updated in DB.
INFO:main:Futures prices updated in DB.
INFO:main:Futures prices updated in DB.
INFO:main:Futures prices updated in DB.
INFO:main:Futures prices updated in DB.
INFO:main:Futures prices updated in DB.
INFO:main:Futures prices updated in DB.
INFO:main:Futures prices updated in DB.
INFO:main:Futures prices updated in DB.
INFO:main:Futures prices updated in DB.
INFO:main:Futures prices updated in DB.
INFO:main:Futures prices updated in DB.
INFO:main:Futures prices updated in DB.
INFO:main:Futures prices updated in DB.
INFO:main:Futures prices updated in DB.
INFO:main:Futures prices updated in DB.
INFO:main:Futures prices updated in DB.
INFO:main:Futures prices updated in DB.
INFO:main:Futures prices updated in DB.
INFO:main:Futures prices updated in DB.
INFO:main:Futures prices updated in DB.
INFO:main:Futures prices updated in DB.
INFO:main:Futures prices updated in DB.
INFO:main:Futures prices updated in DB.
INFO:main:Futures prices updated in DB.
INFO:main:Futures prices updated in DB.
INFO:main:Futures prices updated in DB.
INFO:main:Futures prices updated in DB.
INFO:main:Futures prices updated in DB.
INFO:main:Futures prices updated in DB.
INFO:main:Futures prices updated in DB.
INFO:main:Futures prices updated in DB.
INFO:main:Futures prices updated in DB.
INFO:main:Futures prices updated in DB.
INFO:main:Futures prices updated in DB.
INFO:main:Futures prices updated in DB.
INFO:main:Futures prices updated in DB.
INFO:main:Futures prices updated in DB.
INFO:main:Futures prices updated in DB.
INFO:main:Futures prices updated in DB.
INFO:main:Futures prices updated in DB.
INFO:main:Futures prices updated in DB.
INFO:main:Futures prices updated in DB.
INFO:main:Futures prices updated in DB.
INFO:main:Futures prices updated in DB.
